\BOOKMARK [1][-]{section.1}{Einf\374hrung}{}% 1
\BOOKMARK [2][-]{subsection.1.1}{Aufgabenstellung}{section.1}% 2
\BOOKMARK [2][-]{subsection.1.2}{Beschreibung der Software}{section.1}% 3
\BOOKMARK [2][-]{subsection.1.3}{Visionen und Ziele des Originalprojektes}{section.1}% 4
\BOOKMARK [2][-]{subsection.1.4}{Programm vor \304nderung}{section.1}% 5
\BOOKMARK [1][-]{section.2}{Aufbau des Programmes}{}% 6
\BOOKMARK [2][-]{subsection.2.1}{Programmiersprache\(n\)}{section.2}% 7
\BOOKMARK [2][-]{subsection.2.2}{\334bersicht des Quellcodes}{section.2}% 8
\BOOKMARK [2][-]{subsection.2.3}{Ordnerstruktur}{section.2}% 9
\BOOKMARK [1][-]{section.3}{Modellierung}{}% 10
\BOOKMARK [2][-]{subsection.3.1}{Use-Case-Modell}{section.3}% 11
\BOOKMARK [3][-]{subsubsection.3.1.1}{anzeigenDatentr\344gerInformation}{subsection.3.1}% 12
\BOOKMARK [3][-]{subsubsection.3.1.2}{einstellenRateAktualisierung}{subsection.3.1}% 13
\BOOKMARK [3][-]{subsubsection.3.1.3}{anzeigenGraph}{subsection.3.1}% 14
\BOOKMARK [3][-]{subsubsection.3.1.4}{einstellenBenachrichtigung}{subsection.3.1}% 15
\BOOKMARK [3][-]{subsubsection.3.1.5}{benachrichtigenNutzer}{subsection.3.1}% 16
\BOOKMARK [3][-]{subsubsection.3.1.6}{auswahlTheme}{subsection.3.1}% 17
\BOOKMARK [3][-]{subsubsection.3.1.7}{auswahlSprache}{subsection.3.1}% 18
\BOOKMARK [2][-]{subsection.3.2}{Dom\344nenmodell}{section.3}% 19
\BOOKMARK [1][-]{section.4}{Geforderte \304nderungen}{}% 20
\BOOKMARK [2][-]{subsection.4.1}{Visionen und Ziele der \304nderung}{section.4}% 21
\BOOKMARK [1][-]{section.5}{Modellierung nach den \304nderungen}{}% 22
\BOOKMARK [2][-]{subsection.5.1}{Use-Case-Modell}{section.5}% 23
\BOOKMARK [2][-]{subsection.5.2}{Neue Klasse}{section.5}% 24
\BOOKMARK [2][-]{subsection.5.3}{Dom\344nenmodell}{section.5}% 25
\BOOKMARK [1][-]{section.6}{Beschreibung der Implementierung}{}% 26
\BOOKMARK [1][-]{section.7}{Programm nach \304nderung}{}% 27
\BOOKMARK [1][-]{section.8}{Fazit}{}% 28
